{"level":"info","time":"2024-03-12T22:37:38.766+0530","caller":"logger/logger.go:47","function":"github.com/sandeep-jaiswar/osiris-backend-vault/pkg/logger.EnableLogger","message":"Logger enabled successfully"}
{"level":"info","time":"2024-03-12T22:37:38.767+0530","caller":"osiris-backend-vault/main.go:14","function":"main.main","message":"Hello, world!"}
{"level":"info","time":"2024-03-13T09:09:20.541+0530","caller":"logger/logger.go:47","function":"github.com/sandeep-jaiswar/osiris-backend-vault/pkg/logger.EnableLogger","message":"Logger enabled successfully"}
{"level":"info","time":"2024-03-13T09:09:20.542+0530","caller":"osiris-backend-vault/main.go:14","function":"main.main","message":"Hello, world!"}
{"level":"info","time":"2024-03-13T09:17:26.750+0530","caller":"logger/logger.go:47","function":"github.com/sandeep-jaiswar/osiris-backend-vault/pkg/logger.EnableLogger","message":"Logger enabled successfully"}
{"level":"info","time":"2024-03-13T09:17:26.762+0530","caller":"osiris-backend-vault/main.go:14","function":"main.main","message":"Hello, world!"}
{"level":"info","time":"2024-03-13T09:18:47.363+0530","caller":"logger/logger.go:47","function":"github.com/sandeep-jaiswar/osiris-backend-vault/pkg/logger.EnableLogger","message":"Logger enabled successfully"}
{"level":"info","time":"2024-03-13T09:18:47.363+0530","caller":"osiris-backend-vault/main.go:14","function":"main.main","message":"Hello, world!"}
{"level":"info","time":"2024-03-13T09:19:14.887+0530","caller":"logger/logger.go:47","function":"github.com/sandeep-jaiswar/osiris-backend-vault/pkg/logger.EnableLogger","message":"Logger enabled successfully"}
{"level":"info","time":"2024-03-13T09:19:14.888+0530","caller":"osiris-backend-vault/main.go:14","function":"main.main","message":"Hello, world!"}
{"level":"info","time":"2024-03-13T09:20:24.026+0530","caller":"logger/logger.go:47","function":"github.com/sandeep-jaiswar/osiris-backend-vault/pkg/logger.EnableLogger","message":"Logger enabled successfully"}
{"level":"info","time":"2024-03-13T09:20:24.027+0530","caller":"osiris-backend-vault/main.go:14","function":"main.main","message":"Hello, world!"}
{"level":"info","time":"2024-03-13T09:24:06.317+0530","caller":"logger/logger.go:47","function":"github.com/sandeep-jaiswar/osiris-backend-vault/pkg/logger.EnableLogger","message":"Logger enabled successfully"}
{"level":"info","time":"2024-03-13T09:24:06.318+0530","caller":"osiris-backend-vault/main.go:14","function":"main.main","message":"Hello, world!"}
{"level":"info","time":"2024-03-13T10:56:46.548+0530","caller":"logger/logger.go:47","function":"github.com/sandeep-jaiswar/osiris-backend-vault/pkg/logger.EnableLogger","message":"Logger enabled successfully"}
{"level":"info","time":"2024-03-13T10:56:46.549+0530","caller":"osiris-backend-vault/main.go:16","function":"main.main","message":"Hello, world!"}
{"level":"info","time":"2024-03-13T10:57:36.759+0530","caller":"logger/logger.go:47","function":"github.com/sandeep-jaiswar/osiris-backend-vault/pkg/logger.EnableLogger","message":"Logger enabled successfully"}
{"level":"info","time":"2024-03-13T10:57:36.759+0530","caller":"db/db.go:33","function":"github.com/sandeep-jaiswar/osiris-backend-vault/pkg/db.GetDB.func1","message":"database connected successfully"}
{"level":"info","time":"2024-03-13T10:57:36.760+0530","caller":"osiris-backend-vault/main.go:16","function":"main.main","message":"Hello, world!"}
{"level":"info","time":"2024-03-13T21:36:21.962+0530","caller":"logger/logger.go:47","function":"github.com/sandeep-jaiswar/osiris-backend-vault/pkg/logger.EnableLogger","message":"Logger enabled successfully"}
{"level":"info","time":"2024-03-13T21:36:21.963+0530","caller":"db/db.go:33","function":"github.com/sandeep-jaiswar/osiris-backend-vault/pkg/db.GetDB.func1","message":"database connected successfully"}
{"level":"info","time":"2024-03-13T21:40:45.271+0530","caller":"logger/logger.go:47","function":"github.com/sandeep-jaiswar/osiris-backend-vault/pkg/logger.EnableLogger","message":"Logger enabled successfully"}
{"level":"info","time":"2024-03-13T21:40:45.271+0530","caller":"db/db.go:33","function":"github.com/sandeep-jaiswar/osiris-backend-vault/pkg/db.GetDB.func1","message":"database connected successfully"}
{"level":"info","time":"2024-03-13T21:45:27.878+0530","caller":"logger/logger.go:47","function":"github.com/sandeep-jaiswar/osiris-backend-vault/pkg/logger.EnableLogger","message":"Logger enabled successfully"}
{"level":"info","time":"2024-03-13T21:45:27.879+0530","caller":"db/db.go:33","function":"github.com/sandeep-jaiswar/osiris-backend-vault/pkg/db.GetDB.func1","message":"database connected successfully"}
{"level":"info","time":"2024-03-13T21:47:31.227+0530","caller":"logger/logger.go:47","function":"github.com/sandeep-jaiswar/osiris-backend-vault/pkg/logger.EnableLogger","message":"Logger enabled successfully"}
{"level":"info","time":"2024-03-13T21:47:31.228+0530","caller":"db/db.go:33","function":"github.com/sandeep-jaiswar/osiris-backend-vault/pkg/db.GetDB.func1","message":"database connected successfully"}
{"level":"info","time":"2024-03-13T21:48:36.025+0530","caller":"logger/logger.go:47","function":"github.com/sandeep-jaiswar/osiris-backend-vault/pkg/logger.EnableLogger","message":"Logger enabled successfully"}
{"level":"info","time":"2024-03-13T21:48:36.025+0530","caller":"db/db.go:33","function":"github.com/sandeep-jaiswar/osiris-backend-vault/pkg/db.GetDB.func1","message":"database connected successfully"}
{"level":"info","time":"2024-03-13T22:22:32.295+0530","caller":"logger/logger.go:47","function":"github.com/sandeep-jaiswar/osiris-backend-vault/pkg/logger.EnableLogger","message":"Logger enabled successfully"}
{"level":"info","time":"2024-03-13T22:22:32.403+0530","caller":"db/db.go:33","function":"github.com/sandeep-jaiswar/osiris-backend-vault/pkg/db.GetDB.func1","message":"database connected successfully"}
{"level":"info","time":"2024-03-13T22:22:32.404+0530","caller":"logger/logger.go:47","function":"github.com/sandeep-jaiswar/osiris-backend-vault/pkg/logger.EnableLogger","message":"Logger enabled successfully"}
{"level":"info","time":"2024-03-13T22:22:32.422+0530","caller":"routes/routes.go:64","function":"github.com/sandeep-jaiswar/osiris-backend-vault/pkg/routes.Setup","message":"Press CTRL+C to exit..."}
{"level":"info","time":"2024-03-13T22:30:22.177+0530","caller":"logger/logger.go:47","function":"github.com/sandeep-jaiswar/osiris-backend-vault/pkg/logger.EnableLogger","message":"Logger enabled successfully"}
{"level":"info","time":"2024-03-13T22:30:22.177+0530","caller":"db/db.go:33","function":"github.com/sandeep-jaiswar/osiris-backend-vault/pkg/db.GetDB.func1","message":"database connected successfully"}
{"level":"info","time":"2024-03-13T22:30:22.178+0530","caller":"logger/logger.go:47","function":"github.com/sandeep-jaiswar/osiris-backend-vault/pkg/logger.EnableLogger","message":"Logger enabled successfully"}
{"level":"info","time":"2024-03-13T22:30:22.183+0530","caller":"routes/routes.go:64","function":"github.com/sandeep-jaiswar/osiris-backend-vault/pkg/routes.Setup","message":"Press CTRL+C to exit..."}
{"level":"info","time":"2024-03-14T09:20:08.090+0530","caller":"logger/logger.go:47","function":"github.com/sandeep-jaiswar/osiris-backend-vault/pkg/logger.EnableLogger","message":"Logger enabled successfully"}
{"level":"info","time":"2024-03-14T09:20:08.218+0530","caller":"db/db.go:33","function":"github.com/sandeep-jaiswar/osiris-backend-vault/pkg/db.GetDB.func1","message":"database connected successfully"}
{"level":"info","time":"2024-03-14T09:20:08.218+0530","caller":"logger/logger.go:47","function":"github.com/sandeep-jaiswar/osiris-backend-vault/pkg/logger.EnableLogger","message":"Logger enabled successfully"}
{"level":"info","time":"2024-03-14T09:20:08.222+0530","caller":"routes/routes.go:64","function":"github.com/sandeep-jaiswar/osiris-backend-vault/pkg/routes.Setup","message":"Press CTRL+C to exit..."}
{"level":"info","time":"2024-03-14T09:23:49.263+0530","caller":"logger/logger.go:47","function":"github.com/sandeep-jaiswar/osiris-backend-vault/pkg/logger.EnableLogger","message":"Logger enabled successfully"}
{"level":"info","time":"2024-03-14T09:23:49.263+0530","caller":"db/db.go:33","function":"github.com/sandeep-jaiswar/osiris-backend-vault/pkg/db.GetDB.func1","message":"database connected successfully"}
{"level":"info","time":"2024-03-14T09:23:49.264+0530","caller":"logger/logger.go:47","function":"github.com/sandeep-jaiswar/osiris-backend-vault/pkg/logger.EnableLogger","message":"Logger enabled successfully"}
{"level":"info","time":"2024-03-14T09:23:49.268+0530","caller":"routes/routes.go:63","function":"github.com/sandeep-jaiswar/osiris-backend-vault/pkg/routes.Setup","message":"Press CTRL+C to exit..."}
{"level":"info","time":"2024-03-14T09:26:17.404+0530","caller":"logger/logger.go:47","function":"github.com/sandeep-jaiswar/osiris-backend-vault/pkg/logger.EnableLogger","message":"Logger enabled successfully"}
{"level":"info","time":"2024-03-14T09:26:17.405+0530","caller":"db/db.go:33","function":"github.com/sandeep-jaiswar/osiris-backend-vault/pkg/db.GetDB.func1","message":"database connected successfully"}
{"level":"info","time":"2024-03-14T09:26:17.405+0530","caller":"logger/logger.go:47","function":"github.com/sandeep-jaiswar/osiris-backend-vault/pkg/logger.EnableLogger","message":"Logger enabled successfully"}
{"level":"info","time":"2024-03-14T09:26:17.405+0530","caller":"routes/routes.go:54","function":"github.com/sandeep-jaiswar/osiris-backend-vault/pkg/routes.Setup","message":"Press CTRL+C to exit..."}
{"level":"info","time":"2024-03-14T09:28:00.965+0530","caller":"logger/logger.go:47","function":"github.com/sandeep-jaiswar/osiris-backend-vault/pkg/logger.EnableLogger","message":"Logger enabled successfully"}
{"level":"info","time":"2024-03-14T09:28:00.965+0530","caller":"db/db.go:33","function":"github.com/sandeep-jaiswar/osiris-backend-vault/pkg/db.GetDB.func1","message":"database connected successfully"}
{"level":"info","time":"2024-03-14T09:28:00.966+0530","caller":"logger/logger.go:47","function":"github.com/sandeep-jaiswar/osiris-backend-vault/pkg/logger.EnableLogger","message":"Logger enabled successfully"}
{"level":"info","time":"2024-03-14T09:28:00.966+0530","caller":"osiris-backend-vault/main.go:21","function":"main.main","message":"Hello, world!"}
{"level":"info","time":"2024-03-14T09:32:16.941+0530","caller":"logger/logger.go:47","function":"github.com/sandeep-jaiswar/osiris-backend-vault/pkg/logger.EnableLogger","message":"Logger enabled successfully"}
{"level":"info","time":"2024-03-14T09:32:16.941+0530","caller":"db/db.go:33","function":"github.com/sandeep-jaiswar/osiris-backend-vault/pkg/db.GetDB.func1","message":"database connected successfully"}
{"level":"info","time":"2024-03-14T09:32:16.941+0530","caller":"logger/logger.go:47","function":"github.com/sandeep-jaiswar/osiris-backend-vault/pkg/logger.EnableLogger","message":"Logger enabled successfully"}
{"level":"info","time":"2024-03-14T09:32:16.946+0530","caller":"routes/routes.go:63","function":"github.com/sandeep-jaiswar/osiris-backend-vault/pkg/routes.Setup","message":"Press CTRL+C to exit..."}
{"level":"info","time":"2024-03-14T10:09:40.363+0530","caller":"logger/logger.go:47","function":"github.com/sandeep-jaiswar/osiris-backend-vault/pkg/logger.EnableLogger","message":"Logger enabled successfully"}
{"level":"info","time":"2024-03-14T10:09:40.364+0530","caller":"db/db.go:33","function":"github.com/sandeep-jaiswar/osiris-backend-vault/pkg/db.GetDB.func1","message":"database connected successfully"}
{"level":"info","time":"2024-03-14T10:09:40.364+0530","caller":"logger/logger.go:47","function":"github.com/sandeep-jaiswar/osiris-backend-vault/pkg/logger.EnableLogger","message":"Logger enabled successfully"}
{"level":"info","time":"2024-03-14T10:09:40.364+0530","caller":"routes/routes.go:59","function":"github.com/sandeep-jaiswar/osiris-backend-vault/pkg/routes.Setup","message":"Press CTRL+C to exit..."}
{"level":"info","time":"2024-03-14T10:26:02.075+0530","caller":"logger/logger.go:47","function":"github.com/sandeep-jaiswar/osiris-backend-vault/pkg/logger.EnableLogger","message":"Logger enabled successfully"}
{"level":"info","time":"2024-03-14T10:26:02.076+0530","caller":"db/db.go:33","function":"github.com/sandeep-jaiswar/osiris-backend-vault/pkg/db.GetDB.func1","message":"database connected successfully"}
{"level":"info","time":"2024-03-14T10:26:02.175+0530","caller":"logger/logger.go:47","function":"github.com/sandeep-jaiswar/osiris-backend-vault/pkg/logger.EnableLogger","message":"Logger enabled successfully"}
{"level":"info","time":"2024-03-14T10:26:02.177+0530","caller":"routes/routes.go:60","function":"github.com/sandeep-jaiswar/osiris-backend-vault/pkg/routes.Setup","message":"Press CTRL+C to exit..."}
{"level":"info","time":"2024-03-14T10:41:46.488+0530","caller":"logger/logger.go:47","function":"github.com/sandeep-jaiswar/osiris-backend-vault/pkg/logger.EnableLogger","message":"Logger enabled successfully"}
{"level":"info","time":"2024-03-14T10:41:46.633+0530","caller":"db/db.go:36","function":"github.com/sandeep-jaiswar/osiris-backend-vault/pkg/db.GetDB.func1","message":"Database connected successfully"}
{"level":"info","time":"2024-03-14T10:41:46.633+0530","caller":"logger/logger.go:47","function":"github.com/sandeep-jaiswar/osiris-backend-vault/pkg/logger.EnableLogger","message":"Logger enabled successfully"}
{"level":"info","time":"2024-03-14T10:41:46.633+0530","caller":"routes/routes.go:60","function":"github.com/sandeep-jaiswar/osiris-backend-vault/pkg/routes.Setup","message":"Press CTRL+C to exit..."}
{"level":"info","time":"2024-03-14T20:10:24.039+0530","caller":"logger/logger.go:47","function":"github.com/sandeep-jaiswar/osiris-backend-vault/pkg/logger.EnableLogger","message":"Logger enabled successfully"}
{"level":"info","time":"2024-03-14T20:10:24.290+0530","caller":"db/db.go:36","function":"github.com/sandeep-jaiswar/osiris-backend-vault/pkg/db.GetDB.func1","message":"Database connected successfully"}
{"level":"info","time":"2024-03-14T20:10:24.291+0530","caller":"logger/logger.go:47","function":"github.com/sandeep-jaiswar/osiris-backend-vault/pkg/logger.EnableLogger","message":"Logger enabled successfully"}
{"level":"info","time":"2024-03-14T20:10:24.291+0530","caller":"routes/routes.go:59","function":"github.com/sandeep-jaiswar/osiris-backend-vault/pkg/routes.Setup","message":"Press CTRL+C to exit..."}
{"level":"info","time":"2024-03-14T20:50:49.816+0530","caller":"logger/logger.go:47","function":"github.com/sandeep-jaiswar/osiris-backend-vault/pkg/logger.EnableLogger","message":"Logger enabled successfully"}
{"level":"info","time":"2024-03-14T20:50:49.941+0530","caller":"db/db.go:36","function":"github.com/sandeep-jaiswar/osiris-backend-vault/pkg/db.GetDB.func1","message":"Database connected successfully"}
{"level":"info","time":"2024-03-14T20:50:49.943+0530","caller":"logger/logger.go:47","function":"github.com/sandeep-jaiswar/osiris-backend-vault/pkg/logger.EnableLogger","message":"Logger enabled successfully"}
{"level":"info","time":"2024-03-14T20:50:49.943+0530","caller":"routes/routes.go:67","function":"github.com/sandeep-jaiswar/osiris-backend-vault/pkg/routes.Setup","message":"Press CTRL+C to exit..."}
{"level":"info","time":"2024-03-14T21:12:09.850+0530","caller":"logger/logger.go:47","function":"github.com/sandeep-jaiswar/osiris-backend-vault/pkg/logger.EnableLogger","message":"Logger enabled successfully"}
{"level":"info","time":"2024-03-14T21:12:09.872+0530","caller":"db/db.go:36","function":"github.com/sandeep-jaiswar/osiris-backend-vault/pkg/db.GetDB.func1","message":"Database connected successfully"}
{"level":"info","time":"2024-03-14T21:12:09.873+0530","caller":"logger/logger.go:47","function":"github.com/sandeep-jaiswar/osiris-backend-vault/pkg/logger.EnableLogger","message":"Logger enabled successfully"}
{"level":"info","time":"2024-03-14T21:12:09.873+0530","caller":"routes/routes.go:67","function":"github.com/sandeep-jaiswar/osiris-backend-vault/pkg/routes.Setup","message":"Press CTRL+C to exit..."}
{"level":"info","time":"2024-03-14T21:17:16.204+0530","caller":"logger/logger.go:47","function":"github.com/sandeep-jaiswar/osiris-backend-vault/pkg/logger.EnableLogger","message":"Logger enabled successfully"}
{"level":"info","time":"2024-03-14T21:17:16.218+0530","caller":"db/db.go:36","function":"github.com/sandeep-jaiswar/osiris-backend-vault/pkg/db.GetDB.func1","message":"Database connected successfully"}
{"level":"info","time":"2024-03-14T21:17:16.218+0530","caller":"logger/logger.go:47","function":"github.com/sandeep-jaiswar/osiris-backend-vault/pkg/logger.EnableLogger","message":"Logger enabled successfully"}
{"level":"info","time":"2024-03-14T21:17:16.218+0530","caller":"routes/routes.go:67","function":"github.com/sandeep-jaiswar/osiris-backend-vault/pkg/routes.Setup","message":"Press CTRL+C to exit..."}
{"level":"info","time":"2024-03-14T21:34:50.444+0530","caller":"logger/logger.go:47","function":"github.com/sandeep-jaiswar/osiris-backend-vault/pkg/logger.EnableLogger","message":"Logger enabled successfully"}
{"level":"info","time":"2024-03-14T21:34:50.459+0530","caller":"db/db.go:36","function":"github.com/sandeep-jaiswar/osiris-backend-vault/pkg/db.GetDB.func1","message":"Database connected successfully"}
{"level":"info","time":"2024-03-14T21:34:50.459+0530","caller":"logger/logger.go:47","function":"github.com/sandeep-jaiswar/osiris-backend-vault/pkg/logger.EnableLogger","message":"Logger enabled successfully"}
{"level":"info","time":"2024-03-14T21:34:50.459+0530","caller":"routes/routes.go:67","function":"github.com/sandeep-jaiswar/osiris-backend-vault/pkg/routes.Setup","message":"Press CTRL+C to exit..."}
{"level":"info","time":"2024-03-14T21:46:30.858+0530","caller":"logger/logger.go:47","function":"github.com/sandeep-jaiswar/osiris-backend-vault/pkg/logger.EnableLogger","message":"Logger enabled successfully"}
{"level":"info","time":"2024-03-14T21:46:30.876+0530","caller":"db/db.go:36","function":"github.com/sandeep-jaiswar/osiris-backend-vault/pkg/db.GetDB.func1","message":"Database connected successfully"}
{"level":"info","time":"2024-03-14T21:46:30.876+0530","caller":"logger/logger.go:47","function":"github.com/sandeep-jaiswar/osiris-backend-vault/pkg/logger.EnableLogger","message":"Logger enabled successfully"}
{"level":"info","time":"2024-03-14T21:46:30.876+0530","caller":"routes/routes.go:67","function":"github.com/sandeep-jaiswar/osiris-backend-vault/pkg/routes.Setup","message":"Press CTRL+C to exit..."}
{"level":"info","time":"2024-03-14T22:11:43.097+0530","caller":"logger/logger.go:47","function":"github.com/sandeep-jaiswar/osiris-backend-vault/pkg/logger.EnableLogger","message":"Logger enabled successfully"}
{"level":"info","time":"2024-03-14T22:11:43.111+0530","caller":"db/db.go:36","function":"github.com/sandeep-jaiswar/osiris-backend-vault/pkg/db.GetDB.func1","message":"Database connected successfully"}
{"level":"info","time":"2024-03-14T22:11:43.111+0530","caller":"logger/logger.go:47","function":"github.com/sandeep-jaiswar/osiris-backend-vault/pkg/logger.EnableLogger","message":"Logger enabled successfully"}
{"level":"info","time":"2024-03-14T22:11:43.112+0530","caller":"routes/routes.go:67","function":"github.com/sandeep-jaiswar/osiris-backend-vault/pkg/routes.Setup","message":"Press CTRL+C to exit..."}
{"level":"info","time":"2024-03-14T22:20:43.706+0530","caller":"logger/logger.go:47","function":"github.com/sandeep-jaiswar/osiris-backend-vault/pkg/logger.EnableLogger","message":"Logger enabled successfully"}
{"level":"info","time":"2024-03-14T22:20:43.717+0530","caller":"db/db.go:36","function":"github.com/sandeep-jaiswar/osiris-backend-vault/pkg/db.GetDB.func1","message":"Database connected successfully"}
{"level":"info","time":"2024-03-14T22:20:43.717+0530","caller":"logger/logger.go:47","function":"github.com/sandeep-jaiswar/osiris-backend-vault/pkg/logger.EnableLogger","message":"Logger enabled successfully"}
{"level":"info","time":"2024-03-14T22:20:43.717+0530","caller":"routes/routes.go:67","function":"github.com/sandeep-jaiswar/osiris-backend-vault/pkg/routes.Setup","message":"Press CTRL+C to exit..."}
{"level":"info","time":"2024-03-14T22:21:09.810+0530","caller":"logger/logger.go:47","function":"github.com/sandeep-jaiswar/osiris-backend-vault/pkg/logger.EnableLogger","message":"Logger enabled successfully"}
{"level":"info","time":"2024-03-14T22:21:09.823+0530","caller":"db/db.go:36","function":"github.com/sandeep-jaiswar/osiris-backend-vault/pkg/db.GetDB.func1","message":"Database connected successfully"}
{"level":"info","time":"2024-03-14T22:21:09.823+0530","caller":"logger/logger.go:47","function":"github.com/sandeep-jaiswar/osiris-backend-vault/pkg/logger.EnableLogger","message":"Logger enabled successfully"}
{"level":"info","time":"2024-03-14T22:21:09.824+0530","caller":"routes/routes.go:67","function":"github.com/sandeep-jaiswar/osiris-backend-vault/pkg/routes.Setup","message":"Press CTRL+C to exit..."}
{"level":"info","time":"2024-03-16T10:59:19.339+0530","caller":"logger/logger.go:47","function":"github.com/sandeep-jaiswar/osiris-backend-vault/pkg/logger.EnableLogger","message":"Logger enabled successfully"}
{"level":"info","time":"2024-03-16T10:59:19.720+0530","caller":"db/db.go:36","function":"github.com/sandeep-jaiswar/osiris-backend-vault/pkg/db.GetDB.func1","message":"Database connected successfully"}
{"level":"info","time":"2024-03-16T10:59:19.803+0530","caller":"logger/logger.go:47","function":"github.com/sandeep-jaiswar/osiris-backend-vault/pkg/logger.EnableLogger","message":"Logger enabled successfully"}
{"level":"info","time":"2024-03-16T10:59:19.803+0530","caller":"routes/routes.go:67","function":"github.com/sandeep-jaiswar/osiris-backend-vault/pkg/routes.Setup","message":"Press CTRL+C to exit..."}
{"level":"info","time":"2024-03-16T11:04:21.420+0530","caller":"logger/logger.go:47","function":"github.com/sandeep-jaiswar/osiris-backend-vault/pkg/logger.EnableLogger","message":"Logger enabled successfully"}
{"level":"info","time":"2024-03-16T11:04:21.428+0530","caller":"db/db.go:36","function":"github.com/sandeep-jaiswar/osiris-backend-vault/pkg/db.GetDB.func1","message":"Database connected successfully"}
{"level":"info","time":"2024-03-16T11:04:21.428+0530","caller":"logger/logger.go:47","function":"github.com/sandeep-jaiswar/osiris-backend-vault/pkg/logger.EnableLogger","message":"Logger enabled successfully"}
{"level":"info","time":"2024-03-16T11:04:21.428+0530","caller":"routes/routes.go:67","function":"github.com/sandeep-jaiswar/osiris-backend-vault/pkg/routes.Setup","message":"Press CTRL+C to exit..."}
{"level":"info","time":"2024-03-16T12:12:35.924+0530","caller":"logger/logger.go:47","function":"github.com/sandeep-jaiswar/osiris-backend-vault/pkg/logger.EnableLogger","message":"Logger enabled successfully"}
{"level":"info","time":"2024-03-16T12:12:35.937+0530","caller":"db/db.go:36","function":"github.com/sandeep-jaiswar/osiris-backend-vault/pkg/db.GetDB.func1","message":"Database connected successfully"}
{"level":"info","time":"2024-03-16T12:12:35.937+0530","caller":"logger/logger.go:47","function":"github.com/sandeep-jaiswar/osiris-backend-vault/pkg/logger.EnableLogger","message":"Logger enabled successfully"}
{"level":"info","time":"2024-03-16T12:12:35.937+0530","caller":"routes/routes.go:64","function":"github.com/sandeep-jaiswar/osiris-backend-vault/pkg/routes.Setup","message":"Press CTRL+C to exit..."}
{"level":"info","time":"2024-03-16T12:23:27.865+0530","caller":"logger/logger.go:47","function":"github.com/sandeep-jaiswar/osiris-backend-vault/pkg/logger.EnableLogger","message":"Logger enabled successfully"}
{"level":"info","time":"2024-03-16T12:23:27.876+0530","caller":"db/db.go:36","function":"github.com/sandeep-jaiswar/osiris-backend-vault/pkg/db.GetDB.func1","message":"Database connected successfully"}
{"level":"info","time":"2024-03-16T12:23:27.876+0530","caller":"logger/logger.go:47","function":"github.com/sandeep-jaiswar/osiris-backend-vault/pkg/logger.EnableLogger","message":"Logger enabled successfully"}
{"level":"info","time":"2024-03-16T12:23:27.876+0530","caller":"routes/routes.go:64","function":"github.com/sandeep-jaiswar/osiris-backend-vault/pkg/routes.Setup","message":"Press CTRL+C to exit..."}
{"level":"info","time":"2024-03-16T12:39:26.301+0530","caller":"logger/logger.go:47","function":"github.com/sandeep-jaiswar/osiris-backend-vault/pkg/logger.EnableLogger","message":"Logger enabled successfully"}
{"level":"info","time":"2024-03-16T12:39:26.310+0530","caller":"db/db.go:36","function":"github.com/sandeep-jaiswar/osiris-backend-vault/pkg/db.GetDB.func1","message":"Database connected successfully"}
{"level":"info","time":"2024-03-16T12:39:26.310+0530","caller":"logger/logger.go:47","function":"github.com/sandeep-jaiswar/osiris-backend-vault/pkg/logger.EnableLogger","message":"Logger enabled successfully"}
{"level":"info","time":"2024-03-16T12:39:26.310+0530","caller":"routes/routes.go:64","function":"github.com/sandeep-jaiswar/osiris-backend-vault/pkg/routes.Setup","message":"Press CTRL+C to exit..."}
{"level":"info","time":"2024-03-16T12:39:53.257+0530","caller":"handlers/user.go:42","function":"github.com/sandeep-jaiswar/osiris-backend-vault/pkg/handlers.(*UserHandler).CreateUserHandler","message":"user is created with id: ","id":3}
{"level":"info","time":"2024-03-16T12:41:15.886+0530","caller":"logger/logger.go:47","function":"github.com/sandeep-jaiswar/osiris-backend-vault/pkg/logger.EnableLogger","message":"Logger enabled successfully"}
{"level":"info","time":"2024-03-16T12:41:15.896+0530","caller":"db/db.go:36","function":"github.com/sandeep-jaiswar/osiris-backend-vault/pkg/db.GetDB.func1","message":"Database connected successfully"}
{"level":"info","time":"2024-03-16T12:41:15.896+0530","caller":"logger/logger.go:47","function":"github.com/sandeep-jaiswar/osiris-backend-vault/pkg/logger.EnableLogger","message":"Logger enabled successfully"}
{"level":"info","time":"2024-03-16T12:41:15.897+0530","caller":"routes/routes.go:64","function":"github.com/sandeep-jaiswar/osiris-backend-vault/pkg/routes.Setup","message":"Press CTRL+C to exit..."}
{"level":"info","time":"2024-03-16T12:41:25.237+0530","caller":"handlers/user.go:43","function":"github.com/sandeep-jaiswar/osiris-backend-vault/pkg/handlers.(*UserHandler).CreateUserHandler","message":"user is created with id: ","id":4}
{"level":"info","time":"2024-03-16T12:45:56.269+0530","caller":"logger/logger.go:47","function":"github.com/sandeep-jaiswar/osiris-backend-vault/pkg/logger.EnableLogger","message":"Logger enabled successfully"}
{"level":"info","time":"2024-03-16T12:45:56.280+0530","caller":"db/db.go:36","function":"github.com/sandeep-jaiswar/osiris-backend-vault/pkg/db.GetDB.func1","message":"Database connected successfully"}
{"level":"info","time":"2024-03-16T12:45:56.280+0530","caller":"logger/logger.go:47","function":"github.com/sandeep-jaiswar/osiris-backend-vault/pkg/logger.EnableLogger","message":"Logger enabled successfully"}
{"level":"info","time":"2024-03-16T12:45:56.281+0530","caller":"routes/routes.go:64","function":"github.com/sandeep-jaiswar/osiris-backend-vault/pkg/routes.Setup","message":"Press CTRL+C to exit..."}
{"level":"error","time":"2024-03-16T12:46:25.290+0530","caller":"repository/user.go:23","function":"github.com/sandeep-jaiswar/osiris-backend-vault/pkg/repository.(*UserRepository).CreateUser","message":"error while inserting the user in table","error":"Error 1062 (23000): Duplicate entry 'user3@test.com' for key 'users.email'","stacktrace":"github.com/sandeep-jaiswar/osiris-backend-vault/pkg/repository.(*UserRepository).CreateUser\n\tD:/osiris-backend-vault/pkg/repository/user.go:23\ngithub.com/sandeep-jaiswar/osiris-backend-vault/pkg/service.(*UserService).CreateUser\n\tD:/osiris-backend-vault/pkg/service/user.go:19\ngithub.com/sandeep-jaiswar/osiris-backend-vault/pkg/handlers.(*UserHandler).CreateUserHandler\n\tD:/osiris-backend-vault/pkg/handlers/user.go:33\nnet/http.HandlerFunc.ServeHTTP\n\tC:/Program Files/Go/src/net/http/server.go:2122\ngithub.com/gorilla/mux.(*Router).ServeHTTP\n\tC:/Users/sande/go/pkg/mod/github.com/gorilla/mux@v1.8.1/mux.go:212\ngithub.com/rs/cors.(*Cors).Handler.func1\n\tC:/Users/sande/go/pkg/mod/github.com/rs/cors@v1.10.1/cors.go:281\nnet/http.HandlerFunc.ServeHTTP\n\tC:/Program Files/Go/src/net/http/server.go:2122\ngithub.com/klauspost/compress/gzhttp.NewWrapper.func1.1\n\tC:/Users/sande/go/pkg/mod/github.com/klauspost/compress@v1.17.7/gzhttp/compress.go:495\nnet/http.HandlerFunc.ServeHTTP\n\tC:/Program Files/Go/src/net/http/server.go:2122\nnet/http.serverHandler.ServeHTTP\n\tC:/Program Files/Go/src/net/http/server.go:2936\nnet/http.(*conn).serve\n\tC:/Program Files/Go/src/net/http/server.go:1995"}
{"level":"info","time":"2024-03-16T14:31:46.998+0530","caller":"logger/logger.go:47","function":"github.com/sandeep-jaiswar/osiris-backend-vault/pkg/logger.EnableLogger","message":"Logger enabled successfully"}
{"level":"info","time":"2024-03-16T14:31:47.046+0530","caller":"db/db.go:36","function":"github.com/sandeep-jaiswar/osiris-backend-vault/pkg/db.GetDB.func1","message":"Database connected successfully"}
{"level":"info","time":"2024-03-16T14:31:47.047+0530","caller":"logger/logger.go:47","function":"github.com/sandeep-jaiswar/osiris-backend-vault/pkg/logger.EnableLogger","message":"Logger enabled successfully"}
{"level":"info","time":"2024-03-16T14:31:47.047+0530","caller":"routes/routes.go:66","function":"github.com/sandeep-jaiswar/osiris-backend-vault/pkg/routes.Setup","message":"Press CTRL+C to exit..."}
{"level":"error","time":"2024-03-16T14:32:17.214+0530","caller":"repository/user.go:23","function":"github.com/sandeep-jaiswar/osiris-backend-vault/pkg/repository.(*UserRepository).CreateUser","message":"error while inserting the user in table","error":"Error 1062 (23000): Duplicate entry 'user3@test.com' for key 'users.email'","stacktrace":"github.com/sandeep-jaiswar/osiris-backend-vault/pkg/repository.(*UserRepository).CreateUser\n\tD:/osiris-backend-vault/pkg/repository/user.go:23\ngithub.com/sandeep-jaiswar/osiris-backend-vault/pkg/service.(*UserService).CreateUser\n\tD:/osiris-backend-vault/pkg/service/user.go:19\ngithub.com/sandeep-jaiswar/osiris-backend-vault/pkg/handlers.(*UserHandler).CreateUserHandler\n\tD:/osiris-backend-vault/pkg/handlers/user.go:33\nnet/http.HandlerFunc.ServeHTTP\n\tC:/Program Files/Go/src/net/http/server.go:2122\ngithub.com/sandeep-jaiswar/osiris-backend-vault/pkg/handlers.ErrorHandler.func1.1\n\tD:/osiris-backend-vault/pkg/handlers/error.go:24\nnet/http.HandlerFunc.ServeHTTP\n\tC:/Program Files/Go/src/net/http/server.go:2122\ngithub.com/gorilla/mux.(*Router).ServeHTTP\n\tC:/Users/sande/go/pkg/mod/github.com/gorilla/mux@v1.8.1/mux.go:212\ngithub.com/rs/cors.(*Cors).Handler.func1\n\tC:/Users/sande/go/pkg/mod/github.com/rs/cors@v1.10.1/cors.go:281\nnet/http.HandlerFunc.ServeHTTP\n\tC:/Program Files/Go/src/net/http/server.go:2122\ngithub.com/klauspost/compress/gzhttp.NewWrapper.func1.1\n\tC:/Users/sande/go/pkg/mod/github.com/klauspost/compress@v1.17.7/gzhttp/compress.go:495\nnet/http.HandlerFunc.ServeHTTP\n\tC:/Program Files/Go/src/net/http/server.go:2122\nnet/http.serverHandler.ServeHTTP\n\tC:/Program Files/Go/src/net/http/server.go:2936\nnet/http.(*conn).serve\n\tC:/Program Files/Go/src/net/http/server.go:1995"}
{"level":"info","time":"2024-03-16T14:35:49.688+0530","caller":"logger/logger.go:47","function":"github.com/sandeep-jaiswar/osiris-backend-vault/pkg/logger.EnableLogger","message":"Logger enabled successfully"}
{"level":"info","time":"2024-03-16T14:35:49.698+0530","caller":"db/db.go:36","function":"github.com/sandeep-jaiswar/osiris-backend-vault/pkg/db.GetDB.func1","message":"Database connected successfully"}
{"level":"info","time":"2024-03-16T14:35:49.698+0530","caller":"logger/logger.go:47","function":"github.com/sandeep-jaiswar/osiris-backend-vault/pkg/logger.EnableLogger","message":"Logger enabled successfully"}
{"level":"info","time":"2024-03-16T14:35:49.698+0530","caller":"routes/routes.go:66","function":"github.com/sandeep-jaiswar/osiris-backend-vault/pkg/routes.Setup","message":"Press CTRL+C to exit..."}
{"level":"info","time":"2024-03-16T14:43:20.775+0530","caller":"logger/logger.go:47","function":"github.com/sandeep-jaiswar/osiris-backend-vault/pkg/logger.EnableLogger","message":"Logger enabled successfully"}
{"level":"info","time":"2024-03-16T14:43:20.822+0530","caller":"db/db.go:36","function":"github.com/sandeep-jaiswar/osiris-backend-vault/pkg/db.GetDB.func1","message":"Database connected successfully"}
{"level":"info","time":"2024-03-16T14:43:20.822+0530","caller":"logger/logger.go:47","function":"github.com/sandeep-jaiswar/osiris-backend-vault/pkg/logger.EnableLogger","message":"Logger enabled successfully"}
{"level":"info","time":"2024-03-16T14:43:20.823+0530","caller":"routes/routes.go:68","function":"github.com/sandeep-jaiswar/osiris-backend-vault/pkg/routes.Setup","message":"Press CTRL+C to exit..."}
{"level":"info","time":"2024-04-08T10:31:18.891+0530","caller":"logger/logger.go:47","function":"github.com/sandeep-jaiswar/osiris-backend-vault/pkg/logger.EnableLogger","message":"Logger enabled successfully"}
{"level":"info","time":"2024-04-08T10:31:20.951+0530","caller":"db/db.go:36","function":"github.com/sandeep-jaiswar/osiris-backend-vault/pkg/db.GetDB.func1","message":"Database connected successfully"}
{"level":"info","time":"2024-04-08T10:31:20.959+0530","caller":"logger/logger.go:47","function":"github.com/sandeep-jaiswar/osiris-backend-vault/pkg/logger.EnableLogger","message":"Logger enabled successfully"}
{"level":"info","time":"2024-04-08T10:31:20.959+0530","caller":"routes/routes.go:64","function":"github.com/sandeep-jaiswar/osiris-backend-vault/pkg/routes.Setup","message":"Press CTRL+C to exit..."}
{"level":"info","time":"2024-04-08T10:34:01.381+0530","caller":"logger/logger.go:47","function":"github.com/sandeep-jaiswar/osiris-backend-vault/pkg/logger.EnableLogger","message":"Logger enabled successfully"}
{"level":"info","time":"2024-04-08T10:34:01.455+0530","caller":"db/db.go:36","function":"github.com/sandeep-jaiswar/osiris-backend-vault/pkg/db.GetDB.func1","message":"Database connected successfully"}
{"level":"info","time":"2024-04-08T10:34:01.456+0530","caller":"routes/routes.go:62","function":"github.com/sandeep-jaiswar/osiris-backend-vault/pkg/routes.Setup","message":"Press CTRL+C to exit..."}
{"level":"info","time":"2024-04-08T10:34:29.393+0530","caller":"handlers/user.go:43","function":"github.com/sandeep-jaiswar/osiris-backend-vault/pkg/handlers.(*UserHandler).CreateUserHandler","message":"user is created with id: ","id":11}
